<?xml version="1.0" encoding="UTF-8"?>
<testsuite xmlns:xsi="http://www.w3.org/2001/XMLSchema-instance" xsi:noNamespaceSchemaLocation="https://maven.apache.org/surefire/maven-surefire-plugin/xsd/surefire-test-report-3.0.xsd" version="3.0" name="com.abnamro.tvshowmanager.tvshow.unit.TvShowServiceImplTests" time="0.24" tests="14" errors="0" skipped="0" failures="0">
  <properties>
[...]
</properties>
  <testcase name="should_updateTVShow_when_ValidInputProvided" classname="com.abnamro.tvshowmanager.tvshow.unit.TvShowServiceImplTests" time="0.098"/>
  <testcase name="should_returnEmptyPage_when_genreDoesNotExist" classname="com.abnamro.tvshowmanager.tvshow.unit.TvShowServiceImplTests" time="0.004"/>
  <testcase name="should_returnPageOfTVShows_whenValidParamsProvided" classname="com.abnamro.tvshowmanager.tvshow.unit.TvShowServiceImplTests" time="0.094"/>
  <testcase name="should_returnDifferentResults_when_havingDifferentPages" classname="com.abnamro.tvshowmanager.tvshow.unit.TvShowServiceImplTests" time="0.005"/>
  <testcase name="should_DeleteTVShow" classname="com.abnamro.tvshowmanager.tvshow.unit.TvShowServiceImplTests" time="0.002"/>
  <testcase name="should_throwException_when_SizeInValid" classname="com.abnamro.tvshowmanager.tvshow.unit.TvShowServiceImplTests" time="0.004"/>
  <testcase name="Should_throwException_when_titleAlreadyExists" classname="com.abnamro.tvshowmanager.tvshow.unit.TvShowServiceImplTests" time="0.003"/>
  <testcase name="should_throwException_whenSizeNotValid" classname="com.abnamro.tvshowmanager.tvshow.unit.TvShowServiceImplTests" time="0.002"/>
  <testcase name="should_throwException_whenTVShowNotFound" classname="com.abnamro.tvshowmanager.tvshow.unit.TvShowServiceImplTests" time="0.002"/>
  <testcase name="should_throwException_when_titleAlreadyExists" classname="com.abnamro.tvshowmanager.tvshow.unit.TvShowServiceImplTests" time="0.002"/>
  <testcase name="should_returnPageOfTvShows_whenValidArgsProvided" classname="com.abnamro.tvshowmanager.tvshow.unit.TvShowServiceImplTests" time="0.002"/>
  <testcase name="should_createTVShow_when_validArgsProvided" classname="com.abnamro.tvshowmanager.tvshow.unit.TvShowServiceImplTests" time="0.005"/>
  <testcase name="should_throwError_when_genreDoesNotExist" classname="com.abnamro.tvshowmanager.tvshow.unit.TvShowServiceImplTests" time="0.002"/>
  <testcase name="should_ThrowException_whenGenreNotFound" classname="com.abnamro.tvshowmanager.tvshow.unit.TvShowServiceImplTests" time="0.003"/>
</testsuite>